<?xml version="1.0" encoding="UTF-8"?>
<!-- Generated by org.testng.reporters.JUnitXMLReporter -->
<testsuite ignored="1" hostname="DESKTOP-HRISQ2F" failures="2" tests="18" name="EmployeeList" time="13.741" errors="0" timestamp="2023-05-19T10:20:00 IST">
  <testcase classname="com.TestCases.ORGHRM_AddEmployee_And_EmployeeLists" name="LogInPage" time="0.135"/>
  <testcase classname="com.TestCases.ORGHRM_AddEmployee_And_EmployeeLists" name="logInPageValidationTest" time="1.417"/>
  <testcase classname="com.TestCases.ORGHRM_AddEmployee_And_EmployeeLists" name="ORGHrmTest" time="0.016"/>
  <testcase classname="com.TestCases.ORGHRM_AddEmployee_And_EmployeeLists" name="ORGHrmTest2" time="0.016"/>
  <testcase classname="com.TestCases.ORGHRM_AddEmployee_And_EmployeeLists" name="Admintest" time="0.073"/>
  <testcase classname="com.TestCases.ORGHRM_AddEmployee_And_EmployeeLists" name="AddEmployee" time="0.751"/>
  <testcase classname="com.TestCases.ORGHRM_AddEmployee_And_EmployeeLists" name="AddEmployeeHeaderTest" time="0.048"/>
  <testcase classname="com.TestCases.ORGHRM_AddEmployee_And_EmployeeLists" name="AddEmployeeFullNameTestData" time="0.031"/>
  <testcase classname="com.TestCases.ORGHRM_AddEmployee_And_EmployeeLists" name="AddEmployeeFirstNameTestData1" time="0.078"/>
  <testcase classname="com.TestCases.ORGHRM_AddEmployee_And_EmployeeLists" name="AddEmployeemiddleNameTestData" time="0.051"/>
  <testcase classname="com.TestCases.ORGHRM_AddEmployee_And_EmployeeLists" name="AddEmployeemiLastNameTestData" time="0.047"/>
  <testcase classname="com.TestCases.ORGHRM_AddEmployee_And_EmployeeLists" name="AddEmployeeIDTestData1" time="0.049"/>
  <testcase classname="com.TestCases.ORGHRM_AddEmployee_And_EmployeeLists" name="AddEmployeeSaveTestData" time="1.287"/>
  <testcase classname="com.TestCases.ORGHRM_AddEmployee_And_EmployeeLists" name="AddEmployeePersnolDetailsTest" time="0.08"/>
  <testcase classname="com.TestCases.ORGHRM_AddEmployee_And_EmployeeLists" name="AddEmployeeList" time="0.603"/>
  <testcase classname="com.TestCases.ORGHRM_AddEmployee_And_EmployeeLists" name="AddEmployeeListWebTabletest" time="7.3">
    <failure type="org.openqa.selenium.NoSuchWindowException" message="no such window: target window already closed
from unknown error: web view not found
  (Session info: chrome=113.0.5672.93)
Build info: version: &amp;apos;4.8.3&amp;apos;, revision: &amp;apos;b19b418e60&amp;apos;
System info: os.name: &amp;apos;Windows 11&amp;apos;, os.arch: &amp;apos;amd64&amp;apos;, os.version: &amp;apos;10.0&amp;apos;, java.version: &amp;apos;20&amp;apos;
Driver info: org.openqa.selenium.chrome.ChromeDriver
Command: [f7fdb0756d37fb1e6f33f20a0ab89913, getElementText {id=0e7fbabf-dbdb-4180-b16c-6d99a919e30f}]
Capabilities {acceptInsecureCerts: false, browserName: chrome, browserVersion: 113.0.5672.93, chrome: {chromedriverVersion: 112.0.5615.49 (bd2a7bcb881c..., userDataDir: C:\Users\DELL\AppData\Local...}, goog:chromeOptions: {debuggerAddress: localhost:53471}, networkConnectionEnabled: false, pageLoadStrategy: normal, platformName: WINDOWS, proxy: Proxy(), se:cdp: ws://localhost:53471/devtoo..., se:cdpVersion: 113.0.5672.93, setWindowRect: true, strictFileInteractability: false, timeouts: {implicit: 0, pageLoad: 300000, script: 30000}, unhandledPromptBehavior: dismiss and notify, webauthn:extension:credBlob: true, webauthn:extension:largeBlob: true, webauthn:extension:minPinLength: true, webauthn:extension:prf: true, webauthn:virtualAuthenticators: true}
Element: [[[[[[ChromeDriver: chrome on WINDOWS (f7fdb0756d37fb1e6f33f20a0ab89913)] -&amp;gt; xpath: //*[@id=&amp;quot;search-results&amp;quot;]/div]] -&amp;gt; tag name: tr]] -&amp;gt; tag name: td]
Session ID: f7fdb0756d37fb1e6f33f20a0ab89913">
      <![CDATA[org.openqa.selenium.NoSuchWindowException: no such window: target window already closed
from unknown error: web view not found
  (Session info: chrome=113.0.5672.93)
Build info: version: '4.8.3', revision: 'b19b418e60'
System info: os.name: 'Windows 11', os.arch: 'amd64', os.version: '10.0', java.version: '20'
Driver info: org.openqa.selenium.chrome.ChromeDriver
Command: [f7fdb0756d37fb1e6f33f20a0ab89913, getElementText {id=0e7fbabf-dbdb-4180-b16c-6d99a919e30f}]
Capabilities {acceptInsecureCerts: false, browserName: chrome, browserVersion: 113.0.5672.93, chrome: {chromedriverVersion: 112.0.5615.49 (bd2a7bcb881c..., userDataDir: C:\Users\DELL\AppData\Local...}, goog:chromeOptions: {debuggerAddress: localhost:53471}, networkConnectionEnabled: false, pageLoadStrategy: normal, platformName: WINDOWS, proxy: Proxy(), se:cdp: ws://localhost:53471/devtoo..., se:cdpVersion: 113.0.5672.93, setWindowRect: true, strictFileInteractability: false, timeouts: {implicit: 0, pageLoad: 300000, script: 30000}, unhandledPromptBehavior: dismiss and notify, webauthn:extension:credBlob: true, webauthn:extension:largeBlob: true, webauthn:extension:minPinLength: true, webauthn:extension:prf: true, webauthn:virtualAuthenticators: true}
Element: [[[[[[ChromeDriver: chrome on WINDOWS (f7fdb0756d37fb1e6f33f20a0ab89913)] -> xpath: //*[@id="search-results"]/div]] -> tag name: tr]] -> tag name: td]
Session ID: f7fdb0756d37fb1e6f33f20a0ab89913
at org.openqa.selenium.remote.codec.w3c.W3CHttpResponseCodec.createException(W3CHttpResponseCodec.java:200)
at org.openqa.selenium.remote.codec.w3c.W3CHttpResponseCodec.decode(W3CHttpResponseCodec.java:133)
at org.openqa.selenium.remote.codec.w3c.W3CHttpResponseCodec.decode(W3CHttpResponseCodec.java:53)
at org.openqa.selenium.remote.HttpCommandExecutor.execute(HttpCommandExecutor.java:193)
at org.openqa.selenium.remote.service.DriverCommandExecutor.invokeExecute(DriverCommandExecutor.java:183)
at org.openqa.selenium.remote.service.DriverCommandExecutor.execute(DriverCommandExecutor.java:158)
at org.openqa.selenium.remote.RemoteWebDriver.execute(RemoteWebDriver.java:543)
at org.openqa.selenium.remote.RemoteWebElement.execute(RemoteWebElement.java:257)
at org.openqa.selenium.remote.RemoteWebElement.getText(RemoteWebElement.java:207)
at com.TestCases.ORGHRM_AddEmployee_And_EmployeeLists.AddEmployeeListWebTabletest(ORGHRM_AddEmployee_And_EmployeeLists.java:512)
at java.base/java.util.ArrayList.forEach(ArrayList.java:1511)
... Removed 28 stack frames]]>
    </failure>
  </testcase> <!-- AddEmployeeListWebTabletest -->
  <testcase classname="com.TestCases.ORGHRM_AddEmployee_And_EmployeeLists" name="WelcomeAdmin" time="0.044">
    <failure type="org.openqa.selenium.NoSuchWindowException" message="no such window: target window already closed
from unknown error: web view not found
  (Session info: chrome=113.0.5672.93)
Build info: version: &amp;apos;4.8.3&amp;apos;, revision: &amp;apos;b19b418e60&amp;apos;
System info: os.name: &amp;apos;Windows 11&amp;apos;, os.arch: &amp;apos;amd64&amp;apos;, os.version: &amp;apos;10.0&amp;apos;, java.version: &amp;apos;20&amp;apos;
Driver info: org.openqa.selenium.chrome.ChromeDriver
Command: [f7fdb0756d37fb1e6f33f20a0ab89913, findElement {using=xpath, value=//a[@id=&amp;apos;welcome&amp;apos;]}]
Capabilities {acceptInsecureCerts: false, browserName: chrome, browserVersion: 113.0.5672.93, chrome: {chromedriverVersion: 112.0.5615.49 (bd2a7bcb881c..., userDataDir: C:\Users\DELL\AppData\Local...}, goog:chromeOptions: {debuggerAddress: localhost:53471}, networkConnectionEnabled: false, pageLoadStrategy: normal, platformName: WINDOWS, proxy: Proxy(), se:cdp: ws://localhost:53471/devtoo..., se:cdpVersion: 113.0.5672.93, setWindowRect: true, strictFileInteractability: false, timeouts: {implicit: 0, pageLoad: 300000, script: 30000}, unhandledPromptBehavior: dismiss and notify, webauthn:extension:credBlob: true, webauthn:extension:largeBlob: true, webauthn:extension:minPinLength: true, webauthn:extension:prf: true, webauthn:virtualAuthenticators: true}
Session ID: f7fdb0756d37fb1e6f33f20a0ab89913">
      <![CDATA[org.openqa.selenium.NoSuchWindowException: no such window: target window already closed
from unknown error: web view not found
  (Session info: chrome=113.0.5672.93)
Build info: version: '4.8.3', revision: 'b19b418e60'
System info: os.name: 'Windows 11', os.arch: 'amd64', os.version: '10.0', java.version: '20'
Driver info: org.openqa.selenium.chrome.ChromeDriver
Command: [f7fdb0756d37fb1e6f33f20a0ab89913, findElement {using=xpath, value=//a[@id='welcome']}]
Capabilities {acceptInsecureCerts: false, browserName: chrome, browserVersion: 113.0.5672.93, chrome: {chromedriverVersion: 112.0.5615.49 (bd2a7bcb881c..., userDataDir: C:\Users\DELL\AppData\Local...}, goog:chromeOptions: {debuggerAddress: localhost:53471}, networkConnectionEnabled: false, pageLoadStrategy: normal, platformName: WINDOWS, proxy: Proxy(), se:cdp: ws://localhost:53471/devtoo..., se:cdpVersion: 113.0.5672.93, setWindowRect: true, strictFileInteractability: false, timeouts: {implicit: 0, pageLoad: 300000, script: 30000}, unhandledPromptBehavior: dismiss and notify, webauthn:extension:credBlob: true, webauthn:extension:largeBlob: true, webauthn:extension:minPinLength: true, webauthn:extension:prf: true, webauthn:virtualAuthenticators: true}
Session ID: f7fdb0756d37fb1e6f33f20a0ab89913
at org.openqa.selenium.remote.codec.w3c.W3CHttpResponseCodec.createException(W3CHttpResponseCodec.java:200)
at org.openqa.selenium.remote.codec.w3c.W3CHttpResponseCodec.decode(W3CHttpResponseCodec.java:133)
at org.openqa.selenium.remote.codec.w3c.W3CHttpResponseCodec.decode(W3CHttpResponseCodec.java:53)
at org.openqa.selenium.remote.HttpCommandExecutor.execute(HttpCommandExecutor.java:193)
at org.openqa.selenium.remote.service.DriverCommandExecutor.invokeExecute(DriverCommandExecutor.java:183)
at org.openqa.selenium.remote.service.DriverCommandExecutor.execute(DriverCommandExecutor.java:158)
at org.openqa.selenium.remote.RemoteWebDriver.execute(RemoteWebDriver.java:543)
at org.openqa.selenium.remote.ElementLocation$ElementFinder$2.findElement(ElementLocation.java:162)
at org.openqa.selenium.remote.ElementLocation.findElement(ElementLocation.java:60)
at org.openqa.selenium.remote.RemoteWebDriver.findElement(RemoteWebDriver.java:352)
at org.openqa.selenium.remote.RemoteWebDriver.findElement(RemoteWebDriver.java:344)
at com.TestCases.ORGHRM_AddEmployee_And_EmployeeLists.WelcomeAdmin(ORGHRM_AddEmployee_And_EmployeeLists.java:537)
at java.base/java.util.ArrayList.forEach(ArrayList.java:1511)
... Removed 28 stack frames]]>
    </failure>
  </testcase> <!-- WelcomeAdmin -->
  <testcase classname="com.TestCases.ORGHRM_AddEmployee_And_EmployeeLists" name="WelcomeAdmin1" time="0.049"/>
  <testcase classname="com.TestCases.ORGHRM_AddEmployee_And_EmployeeLists" name="AddEmployeeFirstNameTestData" time="0.0">
    <ignored/>
  </testcase> <!-- AddEmployeeFirstNameTestData -->
</testsuite> <!-- EmployeeList -->
